<?xml version="1.0" encoding="UTF-8"?>
<!-- Generated by org.testng.reporters.JUnitReportReporter -->
<testsuite hostname="SONERs-iMac.lan1" name="com.darksky.tests.MainPageTest" tests="3" failures="0" timestamp="16 Dec 2019 22:27:15 GMT" time="43.946" errors="0">
  <testcase name="verifyMinTemp" time="14.094" classname="com.darksky.tests.MainPageTest"/>
  <testcase name="verifyMaxTemp" time="16.013" classname="com.darksky.tests.MainPageTest"/>
  <testcase name="getTodayMaxMinTemp" time="13.839" classname="com.darksky.tests.MainPageTest"/>
</testsuite> <!-- com.darksky.tests.MainPageTest -->
