<?xml version="1.0" encoding="UTF-8"?>
<!-- Generated by org.testng.reporters.JUnitReportReporter -->
<testsuite hostname="SONERs-iMac.lan1" name="com.darksky.tests.TimeZoneTest" tests="1" failures="0" timestamp="16 Dec 2019 22:30:53 GMT" time="17.623" errors="0">
  <testcase name="verifyTimeZone" time="17.623" classname="com.darksky.tests.TimeZoneTest"/>
</testsuite> <!-- com.darksky.tests.TimeZoneTest -->
