<?xml version="1.0" encoding="UTF-8"?>
<!-- Generated by org.testng.reporters.JUnitReportReporter -->
<testsuite hostname="SONERs-iMac.lan1" name="com.darksky.tests.RegistirationTest" tests="3" failures="0" timestamp="16 Dec 2019 23:56:04 GMT" time="113.825" errors="0">
  <testcase name="doConfirm" time="71.121" classname="com.darksky.tests.RegistirationTest"/>
  <testcase name="verifyLoginTitle" time="24.224" classname="com.darksky.tests.RegistirationTest"/>
  <testcase name="doRegister" time="18.480" classname="com.darksky.tests.RegistirationTest"/>
</testsuite> <!-- com.darksky.tests.RegistirationTest -->
