<?xml version="1.0" encoding="UTF-8"?>
<!-- Generated by org.testng.reporters.JUnitReportReporter -->
<testsuite hostname="SONERs-iMac.lan1" name="com.darksky.tests.TimeMachineTest" tests="2" failures="0" timestamp="16 Dec 2019 22:30:23 GMT" time="59.931" errors="0">
  <testcase name="verify4AmTemp" time="29.732" classname="com.darksky.tests.TimeMachineTest"/>
  <testcase name="doGoTimeMachine" time="30.199" classname="com.darksky.tests.TimeMachineTest"/>
</testsuite> <!-- com.darksky.tests.TimeMachineTest -->
